<?xml version="1.0" encoding="UTF-8"?>
<!-- Generated by org.testng.reporters.JUnitXMLReporter -->
<testsuite hostname="SCL258" name="Default test" tests="5" failures="0" timestamp="15 Mar 2020 06:53:19 GMT" time="1.854" errors="0">
  <testcase name="verifyDays" time="0.998" classname="com.test.Weather"/>
  <testcase name="verifyHourlyForecast" time="0.258" classname="com.test.Weather"/>
  <testcase name="verifyTemp" time="0.243" classname="com.test.Weather"/>
  <testcase name="verifyLightRain" time="0.202" classname="com.test.Weather"/>
  <testcase name="verifyClearSky" time="0.095" classname="com.test.Weather"/>
</testsuite> <!-- Default test -->
