<?xml version="1.0" encoding="UTF-8"?>
<testng-results skipped="0" failed="0" total="5" passed="5">
  <reporter-output>
  </reporter-output>
  <suite name="WeatherSuite" duration-ms="1338" started-at="2020-03-15T08:10:20Z" finished-at="2020-03-15T08:10:21Z">
    <groups>
    </groups>
    <test name="Weather Forecasr" duration-ms="1338" started-at="2020-03-15T08:10:20Z" finished-at="2020-03-15T08:10:21Z">
      <class name="com.test.Weather">
        <test-method status="PASS" signature="getWeatherMap()[pri:0, instance:com.test.Weather@5d5eef3d]" name="getWeatherMap" is-config="true" duration-ms="5567" started-at="2020-03-15T13:40:14Z" finished-at="2020-03-15T13:40:20Z">
          <reporter-output>
          </reporter-output>
        </test-method> <!-- getWeatherMap -->
        <test-method status="PASS" signature="verifyDays()[pri:0, instance:com.test.Weather@5d5eef3d]" name="verifyDays" duration-ms="795" started-at="2020-03-15T13:40:20Z" finished-at="2020-03-15T13:40:20Z">
          <reporter-output>
          </reporter-output>
        </test-method> <!-- verifyDays -->
        <test-method status="PASS" signature="verifyHourlyForecast()[pri:0, instance:com.test.Weather@5d5eef3d]" name="verifyHourlyForecast" duration-ms="165" started-at="2020-03-15T13:40:20Z" depends-on-methods="com.test.Weather.verifyDays" finished-at="2020-03-15T13:40:21Z">
          <reporter-output>
          </reporter-output>
        </test-method> <!-- verifyHourlyForecast -->
        <test-method status="PASS" signature="verifyTemp()[pri:0, instance:com.test.Weather@5d5eef3d]" name="verifyTemp" duration-ms="112" started-at="2020-03-15T13:40:21Z" depends-on-methods="com.test.Weather.verifyHourlyForecast" finished-at="2020-03-15T13:40:21Z">
          <reporter-output>
          </reporter-output>
        </test-method> <!-- verifyTemp -->
        <test-method status="PASS" signature="verifyLightRain()[pri:0, instance:com.test.Weather@5d5eef3d]" name="verifyLightRain" duration-ms="121" started-at="2020-03-15T13:40:21Z" depends-on-methods="com.test.Weather.verifyTemp" finished-at="2020-03-15T13:40:21Z">
          <reporter-output>
          </reporter-output>
        </test-method> <!-- verifyLightRain -->
        <test-method status="PASS" signature="verifyClearSky()[pri:0, instance:com.test.Weather@5d5eef3d]" name="verifyClearSky" duration-ms="104" started-at="2020-03-15T13:40:21Z" depends-on-methods="com.test.Weather.verifyLightRain" finished-at="2020-03-15T13:40:21Z">
          <reporter-output>
          </reporter-output>
        </test-method> <!-- verifyClearSky -->
      </class> <!-- com.test.Weather -->
    </test> <!-- Weather Forecasr -->
  </suite> <!-- WeatherSuite -->
</testng-results>
