<?xml version="1.0" encoding="UTF-8"?>
<!-- Generated by org.testng.reporters.JUnitXMLReporter -->
<testsuite hostname="SCL258" name="Weather Forecasr" tests="5" failures="0" timestamp="15 Mar 2020 08:10:21 GMT" time="1.338" errors="0">
  <testcase name="verifyDays" time="0.795" classname="com.test.Weather"/>
  <testcase name="verifyHourlyForecast" time="0.165" classname="com.test.Weather"/>
  <testcase name="verifyTemp" time="0.112" classname="com.test.Weather"/>
  <testcase name="verifyLightRain" time="0.121" classname="com.test.Weather"/>
  <testcase name="verifyClearSky" time="0.104" classname="com.test.Weather"/>
</testsuite> <!-- Weather Forecasr -->
