<?xml version="1.0" encoding="UTF-8"?>
<!-- Generated by org.testng.reporters.JUnitXMLReporter -->
<testsuite hostname="SCL258" name="Weather Forecasr" tests="5" failures="0" timestamp="15 Mar 2020 06:55:43 GMT" time="1.866" errors="0">
  <testcase name="verifyDays" time="1.127" classname="com.test.Weather"/>
  <testcase name="verifyHourlyForecast" time="0.199" classname="com.test.Weather"/>
  <testcase name="verifyTemp" time="0.199" classname="com.test.Weather"/>
  <testcase name="verifyLightRain" time="0.174" classname="com.test.Weather"/>
  <testcase name="verifyClearSky" time="0.129" classname="com.test.Weather"/>
</testsuite> <!-- Weather Forecasr -->
